<?xml version="1.0" encoding="UTF-8"?>
<!-- Generated by org.testng.reporters.JUnitXMLReporter -->
<testsuite hostname="DESKTOP-H9QHVGK" ignored="0" name="Test" tests="3" failures="0" timestamp="22 Sep 2018 18:40:57 GMT" time="70.63" errors="0">
  <testcase name="VerifyValidLogin" time="34.507" classname="com.flipkart.TestCases.VerifyLogin"/>
  <testcase name="VerifyClickClose" time="18.557" classname="com.flipkart.TestCases.VerifyLoginBoxClose"/>
  <testcase name="VerifyEscClose" time="17.493" classname="com.flipkart.TestCases.VerifyLoginBoxClose"/>
</testsuite> <!-- Test -->
