<?xml version="1.0" encoding="UTF-8"?>
<!-- Generated by org.testng.reporters.JUnitXMLReporter -->
<testsuite hostname="DESKTOP-H9QHVGK" ignored="0" name="Test" tests="3" failures="0" timestamp="06 Oct 2018 10:19:09 GMT" time="55.036" errors="0">
  <testcase name="VerifyValidLogin" time="17.669" classname="com.flipkart.TestCases.VerifyLogin"/>
  <testcase name="VerifyClickClose" time="19.866" classname="com.flipkart.TestCases.VerifyLoginBoxClose"/>
  <testcase name="VerifyEscClose" time="17.442" classname="com.flipkart.TestCases.VerifyLoginBoxClose"/>
</testsuite> <!-- Test -->
