<?xml version="1.0" encoding="UTF-8"?>
<testng-results skipped="0" failed="0" ignored="0" total="3" passed="3">
  <reporter-output>
  </reporter-output>
  <suite name="Suite" duration-ms="55036" started-at="2018-10-06T10:18:13Z" finished-at="2018-10-06T10:19:08Z">
    <groups>
    </groups>
    <test name="Test" duration-ms="55036" started-at="2018-10-06T10:18:13Z" finished-at="2018-10-06T10:19:08Z">
      <class name="com.flipkart.TestCases.VerifyLoginBoxClose">
        <test-method status="PASS" signature="nameBefore(java.lang.reflect.Method)[pri:0, instance:com.flipkart.TestCases.VerifyLoginBoxClose@33f88ab]" name="nameBefore" is-config="true" duration-ms="1" started-at="2018-10-06T10:18:31Z" finished-at="2018-10-06T10:18:31Z">
          <params>
            <param index="0">
              <value>
                <![CDATA[public void com.flipkart.TestCases.VerifyLoginBoxClose.VerifyClickClose()]]>
              </value>
            </param>
          </params>
          <reporter-output>
          </reporter-output>
        </test-method> <!-- nameBefore -->
        <test-method status="PASS" signature="VerifyClickClose()[pri:0, instance:com.flipkart.TestCases.VerifyLoginBoxClose@33f88ab]" name="VerifyClickClose" duration-ms="19866" started-at="2018-10-06T10:18:31Z" finished-at="2018-10-06T10:18:51Z">
          <reporter-output>
          </reporter-output>
        </test-method> <!-- VerifyClickClose -->
        <test-method status="PASS" signature="nameBefore(java.lang.reflect.Method)[pri:0, instance:com.flipkart.TestCases.VerifyLoginBoxClose@33f88ab]" name="nameBefore" is-config="true" duration-ms="1" started-at="2018-10-06T10:18:51Z" finished-at="2018-10-06T10:18:51Z">
          <params>
            <param index="0">
              <value>
                <![CDATA[public void com.flipkart.TestCases.VerifyLoginBoxClose.VerifyEscClose()]]>
              </value>
            </param>
          </params>
          <reporter-output>
          </reporter-output>
        </test-method> <!-- nameBefore -->
        <test-method status="PASS" signature="VerifyEscClose()[pri:0, instance:com.flipkart.TestCases.VerifyLoginBoxClose@33f88ab]" name="VerifyEscClose" duration-ms="17442" started-at="2018-10-06T10:18:51Z" finished-at="2018-10-06T10:19:08Z">
          <reporter-output>
          </reporter-output>
        </test-method> <!-- VerifyEscClose -->
      </class> <!-- com.flipkart.TestCases.VerifyLoginBoxClose -->
      <class name="com.flipkart.TestCases.VerifyLogin">
        <test-method status="PASS" signature="nameBefore(java.lang.reflect.Method)[pri:0, instance:com.flipkart.TestCases.VerifyLogin@2833cc44]" name="nameBefore" is-config="true" duration-ms="8" started-at="2018-10-06T10:18:13Z" finished-at="2018-10-06T10:18:13Z">
          <params>
            <param index="0">
              <value>
                <![CDATA[public void com.flipkart.TestCases.VerifyLogin.VerifyValidLogin()]]>
              </value>
            </param>
          </params>
          <reporter-output>
          </reporter-output>
        </test-method> <!-- nameBefore -->
        <test-method status="PASS" signature="VerifyValidLogin()[pri:0, instance:com.flipkart.TestCases.VerifyLogin@2833cc44]" name="VerifyValidLogin" duration-ms="17669" started-at="2018-10-06T10:18:13Z" finished-at="2018-10-06T10:18:31Z">
          <reporter-output>
          </reporter-output>
        </test-method> <!-- VerifyValidLogin -->
      </class> <!-- com.flipkart.TestCases.VerifyLogin -->
    </test> <!-- Test -->
  </suite> <!-- Suite -->
</testng-results>
